number,value,datetime_start,datetime_complete,duration,params_batch_size,params_dropout,params_ffn_multiplier,params_hidden_dim,params_lr,params_num_layers,params_weight_decay,state
0,0.0003787218333205341,2026-03-12 15:53:02.295649,2026-03-12 15:53:22.402923,0 days 00:00:20.107274,32,0.47776681191348797,2,128,3.421146046288481e-05,1,0.002610321730841327,COMPLETE
1,0.0601741187274456,2026-03-12 15:53:22.476631,2026-03-12 15:53:27.746790,0 days 00:00:05.270159,256,0.500277397775132,2,32,2.345787023424199e-05,1,0.006859310396359208,COMPLETE
2,0.006695921183563769,2026-03-12 15:53:27.818363,2026-03-12 15:53:36.061252,0 days 00:00:08.242889,128,0.39019862112594017,3,128,1.5373700159937782e-05,1,0.00653833670092238,COMPLETE
3,0.00027261345946629135,2026-03-12 15:53:36.131955,2026-03-12 15:53:41.631981,0 days 00:00:05.500026,64,0.42946179041143967,4,128,0.004663163617962559,1,0.0030859943387842583,COMPLETE
4,0.005803653546276369,2026-03-12 15:53:41.704486,2026-03-12 15:53:47.349840,0 days 00:00:05.645354,32,0.5822195306177271,3,128,0.0005529328737981252,1,0.022746972286682605,COMPLETE
5,0.2559294328093529,2026-03-12 15:53:47.421997,2026-03-12 15:53:48.251911,0 days 00:00:00.829914,128,0.5182168683943574,2,64,1.739486150965872e-05,1,0.002101491334419572,PRUNED
6,0.053296102210879326,2026-03-12 15:53:48.322312,2026-03-12 15:53:48.971752,0 days 00:00:00.649440,256,0.26973254494218935,3,32,0.00024361965704478128,2,2.1061210807278484e-05,PRUNED
7,0.0216344842421157,2026-03-12 15:53:49.039989,2026-03-12 15:53:50.441095,0 days 00:00:01.401106,64,0.4514094912473864,4,128,6.0882648748006085e-05,1,0.009616695664637907,PRUNED
8,0.1755023588027273,2026-03-12 15:53:50.511663,2026-03-12 15:53:52.123310,0 days 00:00:01.611647,64,0.5174497151949329,4,32,2.9588172195585114e-05,2,0.0017550704431726818,PRUNED
9,0.00023427414998877794,2026-03-12 15:53:52.191806,2026-03-12 15:53:53.885089,0 days 00:00:01.693283,256,0.43289523376406225,3,64,0.00480805092559563,1,0.001770745879115334,COMPLETE
10,0.006938188802450895,2026-03-12 15:53:53.955458,2026-03-12 15:53:55.343032,0 days 00:00:01.387574,256,0.3114248815796166,3,64,0.004697943079612032,2,0.00020015271432537914,PRUNED
11,0.00021965589465773,2026-03-12 15:53:55.411391,2026-03-12 15:53:58.174986,0 days 00:00:02.763595,64,0.37946298141176876,4,64,0.0028610763974846686,1,0.00022605181772809553,COMPLETE
12,0.00027664600513942005,2026-03-12 15:53:58.246192,2026-03-12 15:54:02.226116,0 days 00:00:03.979924,64,0.353826403100143,4,64,0.001432997602746314,1,0.00025575192834994534,COMPLETE
13,0.00023696233984082937,2026-03-12 15:54:02.298526,2026-03-12 15:54:04.146822,0 days 00:00:01.848296,256,0.3590739770536743,3,64,0.001599465633160833,1,0.00021700402363351168,COMPLETE
14,0.004120796453207731,2026-03-12 15:54:04.214936,2026-03-12 15:54:04.894247,0 days 00:00:00.679311,256,0.24083068362966142,4,64,0.001550201613561398,2,4.006976251040711e-05,PRUNED
15,0.03521702438592911,2026-03-12 15:54:04.966469,2026-03-12 15:54:06.544582,0 days 00:00:01.578113,64,0.4038244200215971,3,64,0.0005715600385782706,1,0.0744052129633046,PRUNED
16,0.00025495262785365673,2026-03-12 15:54:06.614581,2026-03-12 15:54:16.010772,0 days 00:00:09.396191,32,0.334759980934595,3,64,0.002537209679611218,1,0.000720269968278829,COMPLETE
17,0.001607661361049395,2026-03-12 15:54:16.080280,2026-03-12 15:54:17.108082,0 days 00:00:01.027802,128,0.5953468464901055,4,64,0.0006617124612182965,2,0.0006606674958558793,PRUNED
18,0.00024396113544103822,2026-03-12 15:54:17.177075,2026-03-12 15:54:22.388853,0 days 00:00:05.211778,64,0.20076677564444695,2,64,0.0001420336221763114,1,0.00010758394856913119,COMPLETE
19,0.00019370377412997186,2026-03-12 15:54:22.456772,2026-03-12 15:54:24.134734,0 days 00:00:01.677962,256,0.2954833058476545,3,64,0.002501206339534397,1,1.1502620440326586e-05,COMPLETE
20,0.0198292532004416,2026-03-12 15:54:24.208040,2026-03-12 15:54:24.884242,0 days 00:00:00.676202,256,0.3024298184260491,4,32,0.0002775564508209449,2,1.3321201264900769e-05,PRUNED
21,0.00023146604507928714,2026-03-12 15:54:24.952924,2026-03-12 15:54:26.336057,0 days 00:00:01.383133,256,0.4253434551166198,3,64,0.0025424994620471464,1,5.22840070818848e-05,COMPLETE
22,0.0011004944972228259,2026-03-12 15:54:26.405656,2026-03-12 15:54:26.986199,0 days 00:00:00.580543,256,0.3795461310728079,3,64,0.002196590027443897,1,4.21143300696521e-05,PRUNED
23,0.00022668790916213766,2026-03-12 15:54:27.055339,2026-03-12 15:54:28.340536,0 days 00:00:01.285197,256,0.27082217237266665,3,64,0.000886366441150932,1,6.777542458818908e-05,COMPLETE
24,0.00025301050482084975,2026-03-12 15:54:28.408037,2026-03-12 15:54:30.423528,0 days 00:00:02.015491,256,0.25524090045589004,3,64,0.0008280041574819121,1,8.681779882525079e-05,COMPLETE
25,0.0001743171617688079,2026-03-12 15:54:30.494780,2026-03-12 15:54:35.899822,0 days 00:00:05.405042,64,0.2928950756320871,2,64,0.0010571654429964376,1,1.5503936181933716e-05,COMPLETE
26,0.0005988501091321398,2026-03-12 15:54:35.969652,2026-03-12 15:54:37.498387,0 days 00:00:01.528735,64,0.3111499644777944,2,64,0.0003436909568752617,1,1.4511632081906923e-05,PRUNED
27,0.00043501598494393486,2026-03-12 15:54:37.568724,2026-03-12 15:54:39.199105,0 days 00:00:01.630381,64,0.2141377818033407,2,64,0.00014267595598100382,1,2.5070150083100233e-05,PRUNED
28,0.0002153739083691367,2026-03-12 15:54:39.271111,2026-03-12 15:54:47.625350,0 days 00:00:08.354239,64,0.28548662497090427,2,64,0.0029634936330646166,1,1.0564508693382752e-05,COMPLETE
29,0.0011512507283311737,2026-03-12 15:54:47.694999,2026-03-12 15:54:50.546033,0 days 00:00:02.851034,32,0.28957632018968904,2,32,0.0010940417318227238,1,1.2230516125458786e-05,PRUNED
30,0.0001787642707183425,2026-03-12 15:54:50.618248,2026-03-12 15:55:01.908817,0 days 00:00:11.290569,64,0.2376906690636144,2,128,0.0031392452444025196,1,1.0224011849808231e-05,COMPLETE
31,0.00018676449274477948,2026-03-12 15:55:01.977817,2026-03-12 15:55:06.827872,0 days 00:00:04.850055,64,0.23465903756519035,2,128,0.0031464468681771393,1,2.249933763810211e-05,COMPLETE
32,0.00017345099123693735,2026-03-12 15:55:06.895180,2026-03-12 15:55:10.952736,0 days 00:00:04.057556,64,0.22446859036441955,2,128,0.001875079080482756,1,2.6062258268410377e-05,COMPLETE
33,0.0001857146094802634,2026-03-12 15:55:11.024737,2026-03-12 15:55:18.121845,0 days 00:00:07.097108,64,0.22995802110353142,2,128,0.0011815836413806985,1,2.5538777727274158e-05,COMPLETE
34,0.00023199563604846065,2026-03-12 15:55:18.189846,2026-03-12 15:55:23.234945,0 days 00:00:05.045099,64,0.22920735350737068,2,128,0.00045897284953550253,1,2.7500313191846255e-05,COMPLETE
35,0.00017635519283690622,2026-03-12 15:55:23.304607,2026-03-12 15:55:26.983677,0 days 00:00:03.679070,64,0.2037583865110031,2,128,0.0012162302094973919,1,0.00011104892526297859,COMPLETE
36,0.00018172591704309786,2026-03-12 15:55:27.051775,2026-03-12 15:55:30.774532,0 days 00:00:03.722757,64,0.2019901071623576,2,128,0.0016456733794814327,1,0.0001252252304588999,COMPLETE
37,0.00018111109602614306,2026-03-12 15:55:30.841967,2026-03-12 15:55:35.565347,0 days 00:00:04.723380,128,0.2569210666314394,2,128,0.0008623423484788586,1,4.131192797650637e-05,COMPLETE
38,0.00020439234919779534,2026-03-12 15:55:35.635945,2026-03-12 15:55:40.332912,0 days 00:00:04.696967,64,0.2571799514619262,2,128,0.00040765208397792855,1,0.00048599828586433206,COMPLETE
39,0.001455131202029796,2026-03-12 15:55:40.400933,2026-03-12 15:55:43.048296,0 days 00:00:02.647363,32,0.2198000771257944,2,128,5.12989253668566e-05,1,1.7691393342494766e-05,PRUNED
40,0.00019530298180013363,2026-03-12 15:55:43.115872,2026-03-12 15:55:52.004895,0 days 00:00:08.889023,64,0.3289106523726779,2,128,0.004126636267329352,1,6.348931487428152e-05,COMPLETE
41,0.00018749135415419005,2026-03-12 15:55:52.073809,2026-03-12 15:55:58.193262,0 days 00:00:06.119453,128,0.2516575412193256,2,128,0.0008009054787724611,1,3.905929847795771e-05,COMPLETE
42,0.0006455683324020356,2026-03-12 15:55:58.262296,2026-03-12 15:55:59.131063,0 days 00:00:00.868767,128,0.2738734279704319,2,128,0.0010552926779319506,1,3.099779724382007e-05,PRUNED
43,0.0006523762131109834,2026-03-12 15:55:59.198073,2026-03-12 15:56:00.090288,0 days 00:00:00.892215,128,0.24414767571078416,2,128,0.0001786514853096056,1,0.00012086968718476853,PRUNED
44,0.00021389233734225854,2026-03-12 15:56:00.168294,2026-03-12 15:56:03.563037,0 days 00:00:03.394743,128,0.5559512612561152,2,128,0.0018937185429624098,1,1.6737013885320227e-05,COMPLETE
45,0.00018643065517868048,2026-03-12 15:56:03.631400,2026-03-12 15:56:08.657098,0 days 00:00:05.025698,64,0.22318306668121268,2,128,0.0038545138637771036,1,6.046413230094082e-05,COMPLETE
46,0.00017911813847604208,2026-03-12 15:56:08.729313,2026-03-12 15:56:12.133830,0 days 00:00:03.404517,128,0.2695964895691768,2,128,0.0013781288119060443,1,0.00038019574962468026,COMPLETE
47,0.00018915230612037703,2026-03-12 15:56:12.205836,2026-03-12 15:56:16.905061,0 days 00:00:04.699225,64,0.32778460402244236,2,128,0.0019102636500244407,1,0.0004283467977214964,COMPLETE
48,0.0012709039105435035,2026-03-12 15:56:16.976199,2026-03-12 15:56:18.637287,0 days 00:00:01.661088,64,0.2711269799960101,2,128,0.0011686849256080595,2,0.004031111714967862,PRUNED
49,0.00021281435329001397,2026-03-12 15:56:18.710776,2026-03-12 15:56:22.693327,0 days 00:00:03.982551,64,0.20880617209997895,2,32,0.0035655623714451186,1,0.00028253472273842887,COMPLETE
50,0.00024056577603914775,2026-03-12 15:56:22.765366,2026-03-12 15:56:25.225435,0 days 00:00:02.460069,128,0.23759983156342807,2,128,0.0006502339268543211,1,0.0012181047405074852,COMPLETE
51,0.0001788128211046569,2026-03-12 15:56:25.295168,2026-03-12 15:56:30.355438,0 days 00:00:05.060270,128,0.26037357185291166,2,128,0.001483234995157553,1,0.0001591531983811014,COMPLETE
52,0.0001846357663453091,2026-03-12 15:56:30.422951,2026-03-12 15:56:34.704915,0 days 00:00:04.281964,128,0.2802005042352913,2,128,0.0013886251731098987,1,0.0001499108946330713,COMPLETE
53,0.20972433499991894,2026-03-12 15:56:34.778130,2026-03-12 15:56:35.663035,0 days 00:00:00.884905,128,0.2608774182241475,2,128,1.1164943811113322e-05,1,0.000360323229308376,PRUNED
54,0.00018314410408493131,2026-03-12 15:56:35.741014,2026-03-12 15:56:40.484727,0 days 00:00:04.743713,128,0.3483016535695015,2,128,0.002074198970840084,1,0.00015589327239728351,COMPLETE
55,0.0002524151002164997,2026-03-12 15:56:40.554725,2026-03-12 15:56:47.947067,0 days 00:00:07.392342,32,0.492575582613401,2,128,0.0014650397232523038,1,0.0010668424314652742,COMPLETE
56,0.00019106354946935817,2026-03-12 15:56:48.016104,2026-03-12 15:56:56.800905,0 days 00:00:08.784801,64,0.3051084792057237,2,128,0.002156893195626982,1,9.534623385290121e-05,COMPLETE
57,0.0004935344659315888,2026-03-12 15:56:56.877912,2026-03-12 15:56:57.731732,0 days 00:00:00.853820,128,0.2154373464605504,2,32,0.00467140104930864,1,0.0007025544710726761,PRUNED
58,0.0021887047914788127,2026-03-12 15:56:57.804325,2026-03-12 15:56:59.252054,0 days 00:00:01.447729,64,0.24528046372754275,2,128,0.0006717890636130757,1,0.015472534255483379,PRUNED
59,0.003656119091569313,2026-03-12 15:56:59.323042,2026-03-12 15:57:01.123468,0 days 00:00:01.800426,64,0.4596594526590957,2,128,8.641432809319453e-05,2,1.010500381071156e-05,PRUNED
60,0.00018607426318340003,2026-03-12 15:57:01.199585,2026-03-12 15:57:06.507826,0 days 00:00:05.308241,128,0.2961876898963273,2,128,0.0013062727762969332,1,0.00017809732043595395,COMPLETE
61,0.00017647823551669717,2026-03-12 15:57:06.577206,2026-03-12 15:57:11.919964,0 days 00:00:05.342758,128,0.2660124864999164,2,128,0.0017602963285027558,1,3.996310971949755e-05,COMPLETE
62,0.00017796790780266747,2026-03-12 15:57:11.984970,2026-03-12 15:57:16.563711,0 days 00:00:04.578741,128,0.2647022045317937,2,128,0.0016864466736783927,1,7.42311752748983e-05,COMPLETE
63,0.000177198900928488,2026-03-12 15:57:16.630147,2026-03-12 15:57:22.587574,0 days 00:00:05.957427,128,0.22489255160499017,2,128,0.0017215313144082795,1,7.882900663811935e-05,COMPLETE
64,0.0001842034180299379,2026-03-12 15:57:22.660094,2026-03-12 15:57:28.730475,0 days 00:00:06.070381,128,0.2197234270567182,2,128,0.002633910738464827,1,8.125890572556876e-05,COMPLETE
65,0.000256455311110975,2026-03-12 15:57:28.799218,2026-03-12 15:57:32.144758,0 days 00:00:03.345540,64,0.20092605823492365,2,32,0.003233493569937831,1,3.127630089562105e-05,COMPLETE
66,0.00019194245188763098,2026-03-12 15:57:32.212977,2026-03-12 15:57:48.984367,0 days 00:00:16.771390,32,0.24018669722420277,2,128,0.0017511089228803734,1,1.7385488133210316e-05,COMPLETE
67,0.00018331163820611046,2026-03-12 15:57:49.052378,2026-03-12 15:57:58.032166,0 days 00:00:08.979788,64,0.23189362485539422,2,128,0.0023661961434578967,1,4.60319134450919e-05,COMPLETE
68,0.00018039038695860654,2026-03-12 15:57:58.102166,2026-03-12 15:58:03.910169,0 days 00:00:05.808003,128,0.3187306940798509,3,128,0.0009276446970465931,1,1.908717870258801e-05,COMPLETE
69,0.02718047085883362,2026-03-12 15:58:03.981461,2026-03-12 15:58:05.492060,0 days 00:00:01.510599,64,0.2870654724674181,2,128,0.002792564683137948,1,0.0883122176704183,PRUNED
70,0.00019539381901267916,2026-03-12 15:58:05.559192,2026-03-12 15:58:10.217634,0 days 00:00:04.658442,64,0.21227226921456283,2,64,0.0010444978845759755,1,3.257773538673597e-05,COMPLETE
71,0.00018537899813964032,2026-03-12 15:58:10.287094,2026-03-12 15:58:16.252874,0 days 00:00:05.965780,128,0.2613232670688856,2,128,0.0017972719350192563,1,7.440584767502375e-05,COMPLETE
72,0.00017263927657040767,2026-03-12 15:58:16.320237,2026-03-12 15:58:21.466858,0 days 00:00:05.146621,128,0.22644688536995547,2,128,0.0023884814217853766,1,5.250890243945012e-05,COMPLETE
73,0.00017483659394201823,2026-03-12 15:58:21.545622,2026-03-12 15:58:26.247629,0 days 00:00:04.702007,128,0.22691075458006577,2,128,0.0034348254110705416,1,5.0548654957319754e-05,COMPLETE
74,0.0001819198987504933,2026-03-12 15:58:26.316230,2026-03-12 15:58:31.188341,0 days 00:00:04.872111,128,0.2498629075892838,2,128,0.0038006841633170937,1,5.477026320474147e-05,COMPLETE
75,0.00017554976511746645,2026-03-12 15:58:31.257342,2026-03-12 15:58:36.325345,0 days 00:00:05.068003,128,0.22836788372825198,2,128,0.002334709595599122,1,0.00010633743018916082,COMPLETE
76,0.00017673974798526615,2026-03-12 15:58:36.394339,2026-03-12 15:58:40.840016,0 days 00:00:04.445677,128,0.2265304593183606,2,128,0.002339447808230764,1,0.00010407746568069481,COMPLETE
77,0.0003098793386016041,2026-03-12 15:58:40.909181,2026-03-12 15:58:43.855280,0 days 00:00:02.946099,128,0.210494838246103,2,32,0.002399356105254792,1,2.1469842138650004e-05,PRUNED
78,0.00019378670913283713,2026-03-12 15:58:43.924875,2026-03-12 15:58:49.193827,0 days 00:00:05.268952,128,0.20021717040259235,2,64,0.004172945323027445,1,0.00010471711739209925,COMPLETE
79,0.00017660330195212737,2026-03-12 15:58:49.261248,2026-03-12 15:58:53.700056,0 days 00:00:04.438808,128,0.22827132440434383,2,128,0.003286443847873839,1,3.7527414298495306e-05,COMPLETE
80,0.00017889744776766747,2026-03-12 15:58:53.769186,2026-03-12 15:59:00.771217,0 days 00:00:07.002031,128,0.24331614559285897,3,128,0.003089967085192242,1,3.626771336460643e-05,COMPLETE
81,0.00017606875189812854,2026-03-12 15:59:00.841216,2026-03-12 15:59:05.565675,0 days 00:00:04.724459,128,0.22708773201158375,2,128,0.002296838727403147,1,5.048392849758631e-05,COMPLETE
82,0.00017991043932852335,2026-03-12 15:59:05.632685,2026-03-12 15:59:08.915986,0 days 00:00:03.283301,128,0.23085191147846265,2,128,0.004958983515681637,1,5.393972827059133e-05,COMPLETE
83,0.00017435849076719023,2026-03-12 15:59:08.983986,2026-03-12 15:59:14.993534,0 days 00:00:06.009548,128,0.21801107659120633,2,128,0.0034882313268531605,1,4.4164560738890914e-05,COMPLETE
84,0.0001769561022229027,2026-03-12 15:59:15.062660,2026-03-12 15:59:19.577389,0 days 00:00:04.514729,128,0.21173983553734219,2,128,0.001973000389366382,1,1.3860672803765943e-05,COMPLETE
85,0.00017252046745852567,2026-03-12 15:59:19.648043,2026-03-12 15:59:25.641413,0 days 00:00:05.993370,128,0.24890349404453882,2,128,0.0027524032528529114,1,2.538928128283576e-05,COMPLETE
86,0.00020269981177989393,2026-03-12 15:59:25.712832,2026-03-12 15:59:27.364000,0 days 00:00:01.651168,256,0.24947996910489736,2,64,0.0026446680454538297,1,2.5183410073190302e-05,COMPLETE
87,0.0002513037990346285,2026-03-12 15:59:27.432010,2026-03-12 15:59:38.209566,0 days 00:00:10.777556,32,0.2170370752364465,2,128,0.004226590208215672,1,2.835681979096333e-05,PRUNED
88,0.0001872556676971726,2026-03-12 15:59:38.277281,2026-03-12 15:59:43.506152,0 days 00:00:05.228871,128,0.23680157540453034,2,128,0.002170001389277713,1,4.725650521303657e-05,COMPLETE
89,0.0006526188153657131,2026-03-12 15:59:43.574361,2026-03-12 15:59:44.869833,0 days 00:00:01.295472,128,0.27980060878163115,2,128,0.003424548164119545,2,1.4430978766492006e-05,PRUNED
90,0.00017422476230422035,2026-03-12 15:59:44.936833,2026-03-12 15:59:50.507378,0 days 00:00:05.570545,128,0.22027694322055275,2,128,0.0028781258266511534,1,2.086894541288563e-05,COMPLETE
91,0.016608670877758414,2026-03-12 15:59:50.576716,2026-03-12 15:59:51.472813,0 days 00:00:00.896097,128,0.2195736723813113,2,128,0.002683452356117801,1,0.049559499581735354,PRUNED
92,0.00023346344096353278,2026-03-12 15:59:51.543198,2026-03-12 15:59:54.483065,0 days 00:00:02.939867,128,0.3990617325118762,2,128,0.003651852936153155,1,2.1022012398739082e-05,PRUNED
93,0.00017178830967168324,2026-03-12 15:59:54.553100,2026-03-12 16:00:00.816253,0 days 00:00:06.263153,128,0.20476366651154626,2,128,0.002846332676209072,1,5.169816951537132e-05,COMPLETE
94,0.0001793062074284535,2026-03-12 16:00:00.885852,2026-03-12 16:00:06.875722,0 days 00:00:05.989870,128,0.20683108323183705,2,128,0.0029114807005577023,1,2.7679561492444933e-05,COMPLETE
95,0.0001766157292877324,2026-03-12 16:00:06.944880,2026-03-12 16:00:12.834618,0 days 00:00:05.889738,128,0.23730685844096067,2,128,0.0042075848355568905,1,5.7650866195713516e-05,COMPLETE
96,0.0004110021618544124,2026-03-12 16:00:12.903748,2026-03-12 16:00:13.723789,0 days 00:00:00.820041,128,0.25185792729489,4,64,0.0020509810012156672,1,1.6262389788918676e-05,PRUNED
97,0.00017821692017605528,2026-03-12 16:00:13.796717,2026-03-12 16:00:17.793469,0 days 00:00:03.996752,128,0.22367223848361445,2,128,0.002965755707206193,1,2.196457296131301e-05,COMPLETE
98,0.00018838944379240274,2026-03-12 16:00:17.863550,2026-03-12 16:00:21.144563,0 days 00:00:03.281013,128,0.20944692794732628,2,128,0.0023293580233769632,1,4.696974991563432e-05,COMPLETE
99,0.00034614356263773516,2026-03-12 16:00:21.215564,2026-03-12 16:00:22.186142,0 days 00:00:00.970578,128,0.24148772642312535,2,32,0.0035889228251373253,1,3.496590765515761e-05,PRUNED
100,0.058736519888043404,2026-03-12 16:00:22.254551,2026-03-12 16:00:23.170911,0 days 00:00:00.916360,128,0.22174569192193236,2,128,2.0968603914926242e-05,1,6.0150778925567084e-05,PRUNED
101,0.00018107601863448508,2026-03-12 16:00:23.240506,2026-03-12 16:00:29.511649,0 days 00:00:06.271143,128,0.20582324806405258,2,128,0.0013401419043635996,1,0.00012186474970120824,COMPLETE
102,0.00017413819711821686,2026-03-12 16:00:29.582649,2026-03-12 16:00:35.483350,0 days 00:00:05.900701,64,0.20072064781046903,2,128,0.0015714841786873084,1,1.2401526624963625e-05,COMPLETE
103,0.00022846684441901743,2026-03-12 16:00:35.554340,2026-03-12 16:00:38.113762,0 days 00:00:02.559422,256,0.21647090504386177,2,128,0.001565780808177046,1,1.2713438143153755e-05,PRUNED
104,0.00018239238124806434,2026-03-12 16:00:38.183762,2026-03-12 16:00:42.945574,0 days 00:00:04.761812,64,0.2300697923277774,2,128,0.002033768522717302,1,2.4719713342902636e-05,COMPLETE
105,0.0001733732751745265,2026-03-12 16:00:43.012582,2026-03-12 16:00:47.263858,0 days 00:00:04.251276,128,0.20049321616222998,2,128,0.0025781511708232803,1,1.903241689631082e-05,COMPLETE
106,0.00017111835144792816,2026-03-12 16:00:47.330816,2026-03-12 16:00:59.960663,0 days 00:00:12.629847,32,0.2071249203766516,2,128,0.002790044499913614,1,1.5825977440246483e-05,COMPLETE
107,0.00032084679592766667,2026-03-12 16:01:00.032600,2026-03-12 16:01:03.154805,0 days 00:00:03.122205,32,0.20104660023974696,2,64,0.0043576640367373465,1,1.1861042525012224e-05,PRUNED
108,0.00017416410862227037,2026-03-12 16:01:03.225196,2026-03-12 16:01:14.583484,0 days 00:00:11.358288,32,0.2138697271542224,2,128,0.00278395395682576,1,1.5889621380257114e-05,COMPLETE
109,0.00017788535192916503,2026-03-12 16:01:14.656660,2026-03-12 16:01:32.082766,0 days 00:00:17.426106,32,0.21371177619720308,2,128,0.00275761515731558,1,1.6477664158832794e-05,COMPLETE
110,0.00017937631595746746,2026-03-12 16:01:32.188796,2026-03-12 16:01:54.337691,0 days 00:00:22.148895,32,0.2096175214661824,2,128,0.0015664891022052552,1,1.832436065189865e-05,COMPLETE
111,0.0004546216649552142,2026-03-12 16:01:54.438144,2026-03-12 16:01:59.937362,0 days 00:00:05.499218,32,0.22037041389042653,2,128,0.003357470326424375,1,1.0094944453274778e-05,PRUNED
112,0.00046449320611178076,2026-03-12 16:02:00.051938,2026-03-12 16:02:04.909889,0 days 00:00:04.857951,32,0.23488462608444824,2,128,0.003045288142260541,1,2.029812767151858e-05,PRUNED
113,0.0010873024405425116,2026-03-12 16:02:05.022379,2026-03-12 16:02:09.729723,0 days 00:00:04.707344,32,0.20663190827907224,2,128,0.003739291296634771,1,1.3487309281250338e-05,PRUNED
114,0.0003584702603153086,2026-03-12 16:02:09.841978,2026-03-12 16:02:15.471486,0 days 00:00:05.629508,32,0.20096891236514597,2,128,0.0027018403457455703,1,3.1369703557789485e-05,PRUNED
115,0.00017735759839914472,2026-03-12 16:02:15.588080,2026-03-12 16:02:47.245535,0 days 00:00:31.657455,32,0.21644468768853517,2,128,0.0018603904541910602,1,1.5104859830583972e-05,COMPLETE
