number,value,datetime_start,datetime_complete,duration,params_batch_size,params_dropout,params_ffn_multiplier,params_hidden_dim,params_lr,params_num_layers,params_weight_decay,state
116,0.0005063332459290645,2026-03-12 16:02:47.349028,2026-03-12 16:02:54.513432,0 days 00:00:07.164404,64,0.5379884684330076,2,128,0.002587383719799408,1,2.4688979850710357e-05,PRUNED
117,0.00042865801619232764,2026-03-12 16:02:54.616152,2026-03-12 16:02:57.039255,0 days 00:00:02.423103,64,0.3693738475703536,2,128,0.004582873901952089,1,1.1914200118561453e-05,PRUNED
118,0.009064840793143958,2026-03-12 16:02:57.141654,2026-03-12 16:03:01.538869,0 days 00:00:04.397215,32,0.24669408593479283,2,64,3.498127362192074e-05,1,1.9185518581724312e-05,PRUNED
119,0.00021630468836519867,2026-03-12 16:03:01.643391,2026-03-12 16:03:10.349711,0 days 00:00:08.706320,64,0.23557725378543642,2,128,0.00025426525667810373,1,2.9512067681037073e-05,PRUNED
120,0.0038694137640829596,2026-03-12 16:03:10.452239,2026-03-12 16:03:14.886128,0 days 00:00:04.433889,32,0.25702088534077994,2,32,0.004962553905080003,1,3.9340445078855884e-05,PRUNED
121,0.00017886628120322712,2026-03-12 16:03:14.996889,2026-03-12 16:03:22.647071,0 days 00:00:07.650182,128,0.2254202297698627,2,128,0.0023937917942687087,1,2.2965816717514955e-05,COMPLETE
122,0.00016958172636805102,2026-03-12 16:03:22.756077,2026-03-12 16:03:31.452920,0 days 00:00:08.696843,128,0.21597852403871323,2,128,0.0020678530176665524,1,1.5556957230581666e-05,COMPLETE
123,0.000177890313352691,2026-03-12 16:03:31.553681,2026-03-12 16:03:38.622205,0 days 00:00:07.068524,128,0.21282552770108865,2,128,0.0020357085212908085,1,1.5325149966492996e-05,COMPLETE
124,0.0003431107797950972,2026-03-12 16:03:38.724404,2026-03-12 16:03:40.177347,0 days 00:00:01.452943,128,0.22051081243621404,2,128,0.003262112009864079,1,1.8049626927768813e-05,PRUNED
125,0.00018202379578724504,2026-03-12 16:03:40.278966,2026-03-12 16:03:51.402494,0 days 00:00:11.123528,128,0.24440766544233652,2,128,0.003909748059996238,1,1.1900619916635753e-05,COMPLETE
126,0.000192264055450713,2026-03-12 16:03:51.505494,2026-03-12 16:04:00.423899,0 days 00:00:08.918405,64,0.20753825887240834,2,128,0.0029982608096921744,1,2.7463285511245283e-05,COMPLETE
127,0.00046413207019213587,2026-03-12 16:04:00.525892,2026-03-12 16:04:01.650482,0 days 00:00:01.124590,256,0.23287783574007373,2,128,0.001175911442075362,1,3.3734293450407284e-05,PRUNED
128,0.00017158921036752872,2026-03-12 16:04:01.755487,2026-03-12 16:04:11.045317,0 days 00:00:09.289830,128,0.20074728696079996,2,128,0.0017161314683015716,1,1.4680827396402325e-05,COMPLETE
129,0.00034925253567053005,2026-03-12 16:04:11.148323,2026-03-12 16:04:14.540297,0 days 00:00:03.391974,128,0.4219564730054021,2,128,0.0016069921405389676,1,0.003519762211009861,PRUNED
130,0.00018132666342093477,2026-03-12 16:04:14.647421,2026-03-12 16:04:24.525185,0 days 00:00:09.877764,64,0.2006148613959242,2,128,0.0018408651720657303,1,1.5096338376254423e-05,COMPLETE
131,0.00020133373254793696,2026-03-12 16:04:24.629105,2026-03-12 16:04:29.860930,0 days 00:00:05.231825,128,0.21493253687282515,2,128,0.0021631201847218534,1,2.242245304677418e-05,COMPLETE
132,0.0002265718394482974,2026-03-12 16:04:29.966943,2026-03-12 16:04:36.755230,0 days 00:00:06.788287,128,0.2224330846626958,2,128,0.0025127122625233874,1,1.0552151483539029e-05,PRUNED
133,0.00017712434782879427,2026-03-12 16:04:36.859223,2026-03-12 16:04:47.739423,0 days 00:00:10.880200,128,0.2004477728252072,2,128,0.0013767195354254277,1,1.8745607181597936e-05,COMPLETE
134,0.00035334927088115364,2026-03-12 16:04:47.843424,2026-03-12 16:04:49.351067,0 days 00:00:01.507643,128,0.21050137968428484,2,128,0.0009674060945980142,1,1.3706911501606117e-05,PRUNED
135,0.0005563987215282395,2026-03-12 16:04:49.456357,2026-03-12 16:04:51.158057,0 days 00:00:01.701700,128,0.22770897828314207,2,64,0.000314476434122027,2,4.3217170013920913e-05,PRUNED
136,0.0009779021493159235,2026-03-12 16:04:51.260056,2026-03-12 16:04:52.774206,0 days 00:00:01.514150,128,0.23903554429316992,2,128,9.318763961905343e-05,1,2.5000097506442795e-05,PRUNED
137,0.0001773777257767506,2026-03-12 16:04:52.881206,2026-03-12 16:05:01.922666,0 days 00:00:09.041460,128,0.2172980233158175,2,128,0.0035203516085786208,1,1.644549227747224e-05,COMPLETE
138,0.00017332949573756196,2026-03-12 16:05:02.025830,2026-03-12 16:05:09.853096,0 days 00:00:07.827266,128,0.20769033968358985,3,128,0.002846996392851045,1,6.740798515702067e-05,COMPLETE
139,0.00017392581919141646,2026-03-12 16:05:09.971096,2026-03-12 16:05:21.756167,0 days 00:00:11.785071,64,0.20015269757461449,3,128,0.0021512516305243604,1,7.025885926404475e-05,COMPLETE
140,0.00017429801144836738,2026-03-12 16:05:21.861158,2026-03-12 16:05:29.972888,0 days 00:00:08.111730,64,0.20901969568495057,3,128,0.0018967413052538914,1,7.023911289642195e-05,COMPLETE
141,0.00017482535726490563,2026-03-12 16:05:30.081977,2026-03-12 16:05:42.864978,0 days 00:00:12.783001,64,0.2079786844158905,3,128,0.0018204659468362679,1,6.841937325397818e-05,COMPLETE
142,0.00018032195657724515,2026-03-12 16:05:42.969160,2026-03-12 16:05:49.797354,0 days 00:00:06.828194,64,0.2011448645145965,3,128,0.002106186135504957,1,8.808966397683596e-05,COMPLETE
143,0.0018876167596317828,2026-03-12 16:05:49.907360,2026-03-12 16:05:52.388524,0 days 00:00:02.481164,64,0.2094422912942005,3,128,0.0015337027785289996,1,0.004951609774180436,PRUNED
144,0.0001786822800308333,2026-03-12 16:05:52.490515,2026-03-12 16:06:02.831898,0 days 00:00:10.341383,64,0.2126948753846998,3,128,0.0012373378664255977,1,1.3086400009864736e-05,COMPLETE
145,0.00017181623635614024,2026-03-12 16:06:02.936732,2026-03-12 16:06:21.600777,0 days 00:00:18.664045,64,0.2005493845672729,3,128,0.0025458309014409616,1,2.024536240638129e-05,COMPLETE
146,0.0001743705090900351,2026-03-12 16:06:21.701982,2026-03-12 16:06:39.151125,0 days 00:00:17.449143,64,0.20646767746356,3,128,0.0027455217759059986,1,2.0310869610559164e-05,COMPLETE
147,0.0001775463845530924,2026-03-12 16:06:39.255076,2026-03-12 16:06:58.988637,0 days 00:00:19.733561,64,0.22011847068434504,3,128,0.002435810821226076,1,3.157861000192903e-05,COMPLETE
148,0.00024400158144999295,2026-03-12 16:06:59.098638,2026-03-12 16:07:04.121067,0 days 00:00:05.022429,64,0.22560866735003873,3,128,0.0021842659745816145,1,0.0020737161321152677,COMPLETE
149,0.00017416913864768242,2026-03-12 16:07:04.224535,2026-03-12 16:07:14.822478,0 days 00:00:10.597943,64,0.20187122599864513,3,128,0.0029521805021866204,1,6.737306227118369e-05,COMPLETE
