number,value,datetime_start,datetime_complete,duration,params_batch_size,params_dropout,params_ffn_multiplier,params_hidden_dim,params_lr,params_num_heads,params_num_layers,params_weight_decay,state
0,0.001361712892893203,2026-03-12 14:23:55.357778,2026-03-12 14:24:11.989464,0 days 00:00:16.631686,32,0.309782224398294,4,128,4.4848455283492684e-05,8,2,0.00022574697560747998,COMPLETE
1,0.0008266310407114881,2026-03-12 14:24:12.058958,2026-03-12 14:24:28.462617,0 days 00:00:16.403659,64,0.39056157126440016,4,64,0.00014670251113452977,8,2,0.01797835039340464,COMPLETE
2,0.003406685427762568,2026-03-12 14:24:28.537162,2026-03-12 14:24:31.068792,0 days 00:00:02.531630,128,0.49373814725620563,2,64,0.0004584816277356394,2,1,0.008927322738430894,COMPLETE
3,0.0019380707090022042,2026-03-12 14:24:31.136786,2026-03-12 14:24:33.676780,0 days 00:00:02.539994,128,0.37476365880766416,2,64,0.0014966684792311591,8,1,5.233841430067196e-05,COMPLETE
4,0.005999911809340119,2026-03-12 14:24:33.745188,2026-03-12 14:24:35.473644,0 days 00:00:01.728456,256,0.5931444540806059,2,64,0.004037819982510627,8,1,0.000669224867550759,COMPLETE
5,0.006702104433705764,2026-03-12 14:24:35.544266,2026-03-12 14:24:39.986109,0 days 00:00:04.441843,32,0.5906617280201536,3,32,0.00023731721170513082,8,1,0.012288934449527217,PRUNED
6,0.0156628819157569,2026-03-12 14:24:40.057059,2026-03-12 14:24:43.570090,0 days 00:00:03.513031,64,0.29859483689653404,3,32,0.00020427619023859894,4,2,0.00027682130133431884,PRUNED
7,0.02600209368392825,2026-03-12 14:24:43.641829,2026-03-12 14:24:48.150506,0 days 00:00:04.508677,32,0.46373699063354407,2,128,0.0001424145671978792,8,1,0.03550310663639973,PRUNED
8,0.0776937180198729,2026-03-12 14:24:48.221704,2026-03-12 14:24:54.961269,0 days 00:00:06.739565,32,0.5187570840180213,3,64,0.0020966573994891384,4,2,0.01306945183793006,PRUNED
9,0.021624075947329402,2026-03-12 14:24:55.029269,2026-03-12 14:24:57.226192,0 days 00:00:02.196923,128,0.29987648002017686,4,32,0.0002068478407891765,8,2,0.03028985303413705,PRUNED
10,0.0797364419060094,2026-03-12 14:24:57.297192,2026-03-12 14:25:01.157680,0 days 00:00:03.860488,64,0.38546203058913986,4,64,1.1997139937175136e-05,2,2,0.002496561134531693,PRUNED
11,0.004936684471821147,2026-03-12 14:25:01.227673,2026-03-12 14:25:04.675362,0 days 00:00:03.447689,64,0.2138132317965797,4,128,3.366175512437342e-05,8,2,1.3423296148507401e-05,PRUNED
12,0.0228248480707407,2026-03-12 14:25:04.745767,2026-03-12 14:25:06.954737,0 days 00:00:02.208970,256,0.3097502472598931,4,128,4.53819940118827e-05,8,2,0.0001722852074285809,PRUNED
13,0.0004922242244772081,2026-03-12 14:25:07.025485,2026-03-12 14:25:36.859574,0 days 00:00:29.834089,32,0.21904725646089426,4,128,5.643749865832785e-05,8,2,0.002553114394454245,COMPLETE
14,0.010913761465677194,2026-03-12 14:25:36.929431,2026-03-12 14:25:40.428729,0 days 00:00:03.499298,64,0.2043021489278859,4,128,7.961631725666636e-05,2,2,0.09026917557627742,PRUNED
15,0.015658386758462126,2026-03-12 14:25:40.499225,2026-03-12 14:25:47.367785,0 days 00:00:06.868560,32,0.2548940923218825,3,64,1.5256251198859783e-05,4,2,0.0027087366960871946,PRUNED
16,0.03508664960307734,2026-03-12 14:25:47.439967,2026-03-12 14:25:54.610295,0 days 00:00:07.170328,64,0.43084814738632143,3,128,0.0004266139542096902,8,2,0.0027415621583962123,PRUNED
17,0.009657370275817811,2026-03-12 14:25:54.682071,2026-03-12 14:25:56.127930,0 days 00:00:01.445859,256,0.35391217019923676,4,64,9.374876120354742e-05,8,2,0.0009757303703534419,PRUNED
18,0.004654721610547442,2026-03-12 14:25:56.196183,2026-03-12 14:26:02.790613,0 days 00:00:06.594430,32,0.24963667890174,4,128,2.1766498208203684e-05,2,2,0.005568833777821346,PRUNED
19,0.04010053474589118,2026-03-12 14:26:02.863620,2026-03-12 14:26:06.379929,0 days 00:00:03.516309,64,0.4312216138158502,4,32,8.459787470969139e-05,4,2,0.06427067255131971,PRUNED
20,0.00529554881878929,2026-03-12 14:26:06.446928,2026-03-12 14:26:10.838267,0 days 00:00:04.391339,32,0.35063322565269617,3,128,0.0005124649181014036,8,1,0.029814205877195864,PRUNED
21,0.002847083016864157,2026-03-12 14:26:10.928274,2026-03-12 14:26:30.713295,0 days 00:00:19.785021,32,0.2566183274560706,4,128,4.049951603804992e-05,8,2,0.000237896729253248,PRUNED
22,0.0049920715391635895,2026-03-12 14:26:30.786296,2026-03-12 14:26:45.485641,0 days 00:00:14.699345,32,0.3268472051618975,4,128,5.207309182358951e-05,8,2,6.064584844604194e-05,PRUNED
23,0.009363212888794286,2026-03-12 14:26:45.555779,2026-03-12 14:26:59.201719,0 days 00:00:13.645940,32,0.41175746764140186,4,128,0.00011313569644624083,8,2,0.0006705725684769219,PRUNED
24,0.0070502909501166345,2026-03-12 14:26:59.272739,2026-03-12 14:27:06.464884,0 days 00:00:07.192145,32,0.27205102851039176,4,128,2.3448159744421263e-05,8,2,0.005010766421743514,PRUNED
25,0.019543894732903157,2026-03-12 14:27:06.533994,2026-03-12 14:27:10.166643,0 days 00:00:03.632649,64,0.22836328374576592,4,64,6.593115626280202e-05,8,2,8.687230626350635e-05,PRUNED
26,0.02720807958394289,2026-03-12 14:27:10.238561,2026-03-12 14:27:12.348031,0 days 00:00:02.109470,256,0.35877852144619304,3,128,2.8370174151063305e-05,8,2,0.001920512011266771,PRUNED
27,0.004950419417582452,2026-03-12 14:27:12.420031,2026-03-12 14:27:14.548106,0 days 00:00:02.128075,128,0.32777377133261243,4,128,0.00015046136447073623,8,2,0.0004386719525364804,PRUNED
28,0.021749887424188534,2026-03-12 14:27:14.617221,2026-03-12 14:27:21.319554,0 days 00:00:06.702333,32,0.2834559120009819,3,32,1.7090198915535316e-05,2,2,1.906987451071348e-05,PRUNED
29,0.04335086513310671,2026-03-12 14:27:21.391550,2026-03-12 14:27:24.344307,0 days 00:00:02.952757,128,0.5017464969337746,4,64,0.0003733059130254658,4,1,0.00697204716771822,PRUNED
30,0.0011761487611303373,2026-03-12 14:27:24.412984,2026-03-12 14:27:34.746287,0 days 00:00:10.333303,64,0.4077196416937524,4,64,0.0006951943270444057,2,2,0.0013750622694957658,COMPLETE
31,0.010506118381662028,2026-03-12 14:27:34.814723,2026-03-12 14:27:39.588276,0 days 00:00:04.773553,64,0.45733393809682577,4,64,0.0006701991247885185,2,2,0.0011777240529113515,PRUNED
32,0.02199684296335493,2026-03-12 14:27:39.659838,2026-03-12 14:27:43.715782,0 days 00:00:04.055944,64,0.3974417158967552,4,64,0.001088023024387651,2,2,0.01450083525054348,PRUNED
33,0.05901927301394088,2026-03-12 14:27:43.786971,2026-03-12 14:27:47.873181,0 days 00:00:04.086210,64,0.37390621169483396,4,64,5.887470481935527e-05,2,2,0.00012239116759315337,PRUNED
34,0.0004262532997277698,2026-03-12 14:27:47.948479,2026-03-12 14:27:55.045070,0 days 00:00:07.096591,64,0.32818455975417266,2,64,0.0008669602978091809,2,1,2.974639030440261e-05,COMPLETE
35,0.002418587774237884,2026-03-12 14:27:55.112070,2026-03-12 14:28:01.503807,0 days 00:00:06.391737,64,0.4111741830226586,2,64,0.0009439227642909341,2,1,3.1423211873005184e-05,COMPLETE
36,0.020220639051071236,2026-03-12 14:28:01.572807,2026-03-12 14:28:04.282843,0 days 00:00:02.710036,64,0.4647444026670979,2,64,0.0024983069360601283,2,1,0.0013433206878049634,PRUNED
37,0.0035780453721859624,2026-03-12 14:28:04.356841,2026-03-12 14:28:06.993708,0 days 00:00:02.636867,64,0.33588106540262047,2,64,0.0002958387708499106,2,1,0.00039092100805564065,PRUNED
38,0.01341567883667137,2026-03-12 14:28:07.063709,2026-03-12 14:28:09.653865,0 days 00:00:02.590156,64,0.5433137216256695,2,64,0.004487958853863395,2,1,0.0038884949560303063,PRUNED
39,0.057958497000592094,2026-03-12 14:28:09.722865,2026-03-12 14:28:12.445110,0 days 00:00:02.722245,64,0.4443894389110281,3,64,0.0009033568057527896,2,1,0.016910689218186246,PRUNED
40,0.018679991480894387,2026-03-12 14:28:12.514916,2026-03-12 14:28:14.056929,0 days 00:00:01.542013,128,0.4844236193159456,2,64,0.00241024241014517,2,1,0.010554617528578416,PRUNED
41,0.0013292686344357207,2026-03-12 14:28:14.129025,2026-03-12 14:28:34.556097,0 days 00:00:20.427072,32,0.38139685778423305,4,32,0.0013934254409794363,8,2,0.0004782813495991245,PRUNED
42,0.008454452618025243,2026-03-12 14:28:34.626096,2026-03-12 14:28:36.095946,0 days 00:00:01.469850,256,0.3029667476430177,4,64,0.00013074280687941923,8,2,3.8807519632464224e-05,PRUNED
43,0.0002876642074625124,2026-03-12 14:28:36.169815,2026-03-12 14:28:58.919650,0 days 00:00:22.749835,32,0.2283467990333584,3,64,0.00018849715900819684,8,2,1.1770867733517897e-05,COMPLETE
44,0.0027775924453245743,2026-03-12 14:28:58.992247,2026-03-12 14:29:09.167402,0 days 00:00:10.175155,64,0.22724157107840387,3,64,0.00023032722896946576,8,2,1.0052786092237595e-05,PRUNED
45,0.004560780229179987,2026-03-12 14:29:09.235488,2026-03-12 14:29:32.080023,0 days 00:00:22.844535,32,0.2305980704664476,3,64,0.000596648472004809,4,2,2.2339888482677412e-05,PRUNED
46,0.013894794808168496,2026-03-12 14:29:32.182542,2026-03-12 14:29:38.804315,0 days 00:00:06.621773,64,0.278451543790748,3,64,0.00017270036679934128,8,2,0.001625405024864049,PRUNED
47,0.0003143524445476942,2026-03-12 14:29:38.909072,2026-03-12 14:30:23.533920,0 days 00:00:44.624848,32,0.2136057108275303,2,64,0.0003369542315904521,2,2,0.0008986375738871446,COMPLETE
48,0.0003323682971573102,2026-03-12 14:30:23.640321,2026-03-12 14:30:43.332552,0 days 00:00:19.692231,32,0.20093908768587823,2,64,0.00031199019711350054,8,1,1.6495074916896973e-05,COMPLETE
49,0.0003454249811381617,2026-03-12 14:30:43.433195,2026-03-12 14:31:14.433181,0 days 00:00:30.999986,32,0.20541217967399844,2,64,0.00029374323569117557,8,1,1.5741876405251503e-05,COMPLETE
50,0.0003696721136553346,2026-03-12 14:31:14.535825,2026-03-12 14:31:45.459468,0 days 00:00:30.923643,32,0.20046453362373445,2,64,0.00031825460075364,8,1,1.7767829467056273e-05,COMPLETE
51,0.00036349258581529805,2026-03-12 14:31:45.568959,2026-03-12 14:32:08.561887,0 days 00:00:22.992928,32,0.20175083418152753,2,64,0.00033733428096930935,8,1,1.8041673879182323e-05,COMPLETE
52,0.00045224837517058143,2026-03-12 14:32:08.662463,2026-03-12 14:32:33.202873,0 days 00:00:24.540410,32,0.2005686170754011,2,64,0.00028748828572272485,8,1,1.5357013219603847e-05,COMPLETE
53,0.003060280960718436,2026-03-12 14:32:33.303050,2026-03-12 14:32:41.396475,0 days 00:00:08.093425,32,0.23885549308607018,2,64,0.0003339180488173776,8,1,1.2832692206920117e-05,PRUNED
54,0.00031123002346638326,2026-03-12 14:32:41.499145,2026-03-12 14:33:20.392798,0 days 00:00:38.893653,32,0.21327364424142833,2,64,0.0004596635670136562,8,1,5.4107299253844505e-05,COMPLETE
55,0.0016085811928080926,2026-03-12 14:33:20.499146,2026-03-12 14:33:28.538511,0 days 00:00:08.039365,32,0.21618569157130194,2,64,0.00046756297772584336,8,1,4.21024944304622e-05,PRUNED
56,0.0003493428339425009,2026-03-12 14:33:28.642540,2026-03-12 14:33:56.994754,0 days 00:00:28.352214,32,0.2628622496011975,2,64,0.00018686456467727178,8,1,6.272366104957477e-05,COMPLETE
57,0.0003340239912046984,2026-03-12 14:33:57.093765,2026-03-12 14:34:30.344641,0 days 00:00:33.250876,32,0.24486149000172117,2,64,0.00019820490926004397,8,1,6.253243165587453e-05,COMPLETE
58,0.0018769984682356672,2026-03-12 14:34:30.444645,2026-03-12 14:34:38.429633,0 days 00:00:07.984988,32,0.24296606552353373,2,32,0.00024929088362999827,8,1,0.00014834079669728194,PRUNED
59,0.002205402166250029,2026-03-12 14:34:38.532096,2026-03-12 14:34:46.448180,0 days 00:00:07.916084,32,0.2198551882281942,2,64,0.00011653105608422936,8,1,9.353513927300715e-05,PRUNED
60,0.0003748920644284226,2026-03-12 14:34:46.554262,2026-03-12 14:35:25.260105,0 days 00:00:38.705843,32,0.24245372637540663,2,64,0.0004205563316510629,4,1,2.8468331196212344e-05,COMPLETE
61,0.0029828648132804248,2026-03-12 14:35:25.368112,2026-03-12 14:35:33.329405,0 days 00:00:07.961293,32,0.26637898088199674,2,64,0.00018098009456624732,8,1,4.71131272729382e-05,PRUNED
62,0.0009960184485992482,2026-03-12 14:35:33.435262,2026-03-12 14:35:47.643556,0 days 00:00:14.208294,32,0.25723911956387185,2,64,0.00019106092115295017,8,1,6.420269558944473e-05,PRUNED
63,0.0003367439988193967,2026-03-12 14:35:47.747551,2026-03-12 14:36:20.409746,0 days 00:00:32.662195,32,0.2858680897297589,2,64,0.00025215492067140927,8,1,1.1294454006295443e-05,COMPLETE
64,0.0003259029221486084,2026-03-12 14:36:20.511686,2026-03-12 14:36:44.890935,0 days 00:00:24.379249,32,0.21539383669312384,2,64,0.0002604437066130922,8,1,1.0877005546423581e-05,COMPLETE
65,0.0022644115940368336,2026-03-12 14:36:44.993923,2026-03-12 14:37:02.335769,0 days 00:00:17.341846,32,0.28418098826242266,2,64,0.0002424800616003558,8,1,1.0188515262057127e-05,PRUNED
66,0.00035504658652436253,2026-03-12 14:37:02.438774,2026-03-12 14:37:27.829526,0 days 00:00:25.390752,32,0.22882313906273952,2,64,0.0005575315396834215,8,1,2.4438386928296775e-05,COMPLETE
67,0.010530567515940805,2026-03-12 14:37:27.933068,2026-03-12 14:37:35.982488,0 days 00:00:08.049420,32,0.21609164026657962,2,32,9.995613720766471e-05,8,1,1.2177076036431043e-05,PRUNED
68,0.001948294452241888,2026-03-12 14:37:36.087797,2026-03-12 14:37:42.662046,0 days 00:00:06.574249,32,0.29001429456828187,2,64,0.00014764518579358179,8,1,2.5696271957721767e-05,PRUNED
69,0.004108123132027686,2026-03-12 14:37:42.735581,2026-03-12 14:37:43.613378,0 days 00:00:00.877797,256,0.24530083425189983,2,64,0.00042083214878652596,8,1,3.6823472560292136e-05,PRUNED
70,0.00030734057665020894,2026-03-12 14:37:43.685809,2026-03-12 14:37:55.547448,0 days 00:00:11.861639,32,0.23481012662131026,2,64,0.00025077401453488615,4,1,0.00019155018975191293,COMPLETE
71,0.00028068772267683277,2026-03-12 14:37:55.616019,2026-03-12 14:38:10.881693,0 days 00:00:15.265674,32,0.2360419448369493,2,64,0.0002471004369329143,4,1,8.928862584357762e-05,COMPLETE
72,0.0011112420220992395,2026-03-12 14:38:10.951217,2026-03-12 14:38:19.050973,0 days 00:00:08.099756,32,0.23334498249159463,2,64,0.0003693815201127903,4,1,0.00010634547223370498,PRUNED
73,0.00190665884500569,2026-03-12 14:38:19.122973,2026-03-12 14:38:23.726862,0 days 00:00:04.603889,32,0.21566421106060488,2,64,0.0002088339736678555,4,1,0.00025130695756608737,PRUNED
74,0.0056373651314061135,2026-03-12 14:38:23.793853,2026-03-12 14:38:28.343784,0 days 00:00:04.549931,32,0.2525150131086717,2,64,0.00016104793085065685,4,1,0.00017069099302531053,PRUNED
75,0.003389305726159364,2026-03-12 14:38:28.413596,2026-03-12 14:38:29.940542,0 days 00:00:01.526946,128,0.2224753691340166,2,64,0.00013264198358524506,4,1,6.481023682681026e-05,PRUNED
76,0.0008253389096353203,2026-03-12 14:38:30.015534,2026-03-12 14:38:38.317112,0 days 00:00:08.301578,32,0.2109454922394872,2,64,0.0006787977613699099,4,1,0.00034358946784639064,PRUNED
77,0.00025986383869686894,2026-03-12 14:38:38.390112,2026-03-12 14:38:57.826881,0 days 00:00:19.436769,32,0.235422490988362,2,64,0.0005250060212501753,4,1,7.548464109473021e-05,COMPLETE
78,0.001716203721506255,2026-03-12 14:38:57.896972,2026-03-12 14:39:05.483102,0 days 00:00:07.586130,32,0.26764503947187923,2,64,0.00048674694561235944,4,1,0.000900984143447172,PRUNED
79,0.0003196881131901007,2026-03-12 14:39:05.555095,2026-03-12 14:39:26.305206,0 days 00:00:20.750111,32,0.23301649537242328,2,32,0.00039773451163563215,4,1,8.05885809665213e-05,COMPLETE
80,0.03555717784911394,2026-03-12 14:39:26.371210,2026-03-12 14:39:27.256710,0 days 00:00:00.885500,256,0.2336774734463107,2,32,0.00038954506040746005,4,1,0.00018362647228321153,PRUNED
81,0.0010683737825404802,2026-03-12 14:39:27.329711,2026-03-12 14:39:32.182221,0 days 00:00:04.852510,32,0.21187612654090066,2,32,0.0005497557605121882,4,1,0.0001276883448751592,PRUNED
82,0.0009065885034423056,2026-03-12 14:39:32.261214,2026-03-12 14:39:37.173168,0 days 00:00:04.911954,32,0.22433797640530842,2,32,0.00026310037381839686,4,1,9.764277812669686e-05,PRUNED
83,0.00040014509016015964,2026-03-12 14:39:37.243583,2026-03-12 14:39:54.675375,0 days 00:00:17.431792,32,0.23444896823128392,2,32,0.0003700505907474568,4,1,7.95057915870919e-05,COMPLETE
84,0.0004725238795799669,2026-03-12 14:39:54.748509,2026-03-12 14:40:05.747340,0 days 00:00:10.998831,32,0.253607150594215,2,32,0.000714318391310811,4,1,0.00020571969202928374,COMPLETE
85,0.002272537659986743,2026-03-12 14:40:05.818495,2026-03-12 14:40:11.542641,0 days 00:00:05.724146,32,0.20991221343916855,3,64,0.000479869313401166,4,1,4.659758931507962e-05,PRUNED
86,0.0025452743866480887,2026-03-12 14:40:11.612530,2026-03-12 14:40:13.083903,0 days 00:00:01.471373,128,0.27171871249151147,2,64,0.00022274529847671017,4,1,7.671123414302119e-05,PRUNED
87,0.0013350423853678098,2026-03-12 14:40:13.159300,2026-03-12 14:40:17.991396,0 days 00:00:04.832096,32,0.2588637461668468,2,64,0.0007785414697619944,4,1,2.1148598751272644e-05,PRUNED
88,0.00035908065170328233,2026-03-12 14:40:18.062567,2026-03-12 14:40:31.967567,0 days 00:00:13.905000,32,0.22566997999206828,2,64,0.00028132997073258966,4,1,3.2391092853354165e-05,COMPLETE
89,0.004831110767554492,2026-03-12 14:40:32.041122,2026-03-12 14:40:36.256372,0 days 00:00:04.215250,32,0.31311451775765975,2,64,0.0003301720691866135,4,1,0.0006994319001573398,PRUNED
90,0.0006306988148675632,2026-03-12 14:40:36.327766,2026-03-12 14:40:49.633858,0 days 00:00:13.306092,32,0.2465125393777525,2,32,0.0010574962752413083,4,2,0.00013491736640516199,PRUNED
91,0.0017981949245690235,2026-03-12 14:40:49.705189,2026-03-12 14:41:00.240036,0 days 00:00:10.534847,32,0.24078693254356298,2,64,0.0002161336747299078,4,1,5.3511782095796766e-05,PRUNED
92,0.029443916864693165,2026-03-12 14:41:00.317171,2026-03-12 14:41:04.591060,0 days 00:00:04.273889,32,0.5830735097243208,2,64,0.0006169901047818944,2,1,1.4088463131449725e-05,PRUNED
93,0.0011241096446091042,2026-03-12 14:41:04.664609,2026-03-12 14:41:08.763303,0 days 00:00:04.098694,32,0.20703998149068223,2,64,0.0004302147198358842,8,1,7.682323964301292e-05,PRUNED
94,0.000368223555726997,2026-03-12 14:41:08.835517,2026-03-12 14:41:26.938971,0 days 00:00:18.103454,32,0.21894131134364048,2,64,0.0003078384443265373,8,1,0.00010988282306422199,COMPLETE
95,0.00026690842267791074,2026-03-12 14:41:27.011535,2026-03-12 14:41:47.600435,0 days 00:00:20.588900,32,0.23691128419296822,2,128,0.00016715346368163713,4,1,0.00030633085707399007,COMPLETE
96,0.00028034503702656366,2026-03-12 14:41:47.672889,2026-03-12 14:42:01.543818,0 days 00:00:13.870929,32,0.20042517608896818,2,128,0.0001675850758035777,4,1,0.00015106453980377247,COMPLETE
97,0.0021204373395968495,2026-03-12 14:42:01.619113,2026-03-12 14:42:11.661457,0 days 00:00:10.042344,32,0.23543493565172277,2,128,0.00012048349596190152,4,1,0.0003211941870917166,PRUNED
98,0.0030094307148829103,2026-03-12 14:42:11.733318,2026-03-12 14:42:12.747364,0 days 00:00:01.014046,256,0.24982141962973678,2,128,0.00010087491604437777,4,1,0.0005488849233823615,PRUNED
99,0.00022585560925238366,2026-03-12 14:42:12.819132,2026-03-12 14:42:46.958887,0 days 00:00:34.139755,32,0.22657043897139453,2,128,0.00016245854224636202,4,2,0.0002681736896926705,COMPLETE
100,0.0003984334720631263,2026-03-12 14:42:47.031720,2026-03-12 14:43:11.957246,0 days 00:00:24.925526,32,0.2722719322922311,3,128,8.468925385942182e-05,4,2,0.00029957233524377465,COMPLETE
101,0.001577609388082887,2026-03-12 14:43:12.031997,2026-03-12 14:43:18.982316,0 days 00:00:06.950319,32,0.22818876590288034,2,128,0.00015122993118682165,4,2,0.00024229956646820987,PRUNED
102,0.00024706136017422456,2026-03-12 14:43:19.055490,2026-03-12 14:43:50.321519,0 days 00:00:31.266029,32,0.20839934512371014,2,128,0.00016828207554281797,4,2,0.0001558775330560102,COMPLETE
103,0.0003028492064913735,2026-03-12 14:43:50.394962,2026-03-12 14:44:19.631077,0 days 00:00:29.236115,32,0.22410430412866006,2,128,0.00017414822157940101,4,2,0.00015250223673857023,COMPLETE
104,0.0020612624814800385,2026-03-12 14:44:19.700744,2026-03-12 14:44:26.034117,0 days 00:00:06.333373,32,0.20965738455780558,2,128,0.00016788233144981,4,2,0.00017096374135656378,PRUNED
105,0.0011156314191924008,2026-03-12 14:44:26.106779,2026-03-12 14:44:32.189460,0 days 00:00:06.082681,32,0.22139542374016294,2,128,0.00014348741821459891,4,2,0.00015295398040294085,PRUNED
106,0.0042831459431909025,2026-03-12 14:44:32.261662,2026-03-12 14:44:34.200697,0 days 00:00:01.939035,128,0.20066875469742199,2,128,0.00012923816434346182,4,2,0.00038939647034169856,PRUNED
107,0.001195422319662092,2026-03-12 14:44:34.272401,2026-03-12 14:44:41.375727,0 days 00:00:07.103326,32,0.2596545984264873,2,128,0.00017671068619334236,4,2,0.00019259433569597794,PRUNED
108,0.00025226555382167656,2026-03-12 14:44:41.449690,2026-03-12 14:45:04.118181,0 days 00:00:22.668491,32,0.24153486359423257,2,128,0.00020008937211643532,4,2,0.0005165778387002392,COMPLETE
109,0.0008847791240051654,2026-03-12 14:45:04.186241,2026-03-12 14:45:10.547273,0 days 00:00:06.361032,32,0.239029034922682,2,128,0.0001025815950669426,4,2,0.000547634343834617,PRUNED
110,0.0023837965335198013,2026-03-12 14:45:10.617714,2026-03-12 14:45:17.275091,0 days 00:00:06.657377,32,0.24714509966549686,2,128,0.00022146736124171432,4,2,0.00020950494108546032,PRUNED
111,0.001874218456318236,2026-03-12 14:45:17.345738,2026-03-12 14:45:24.989274,0 days 00:00:07.643536,32,0.22143619432959544,2,128,0.00019398011403400463,4,2,0.0007250829654370774,PRUNED
112,0.0002778596780055003,2026-03-12 14:45:25.061612,2026-03-12 14:45:54.408761,0 days 00:00:29.347149,32,0.20716690067177726,2,128,0.00016541786910534835,4,2,0.0002722683908689593,COMPLETE
113,0.0008859326751137685,2026-03-12 14:45:54.478077,2026-03-12 14:46:02.189342,0 days 00:00:07.711265,32,0.20854702554546772,2,128,0.00015478989685298447,4,2,0.00024922104342708635,PRUNED
114,0.00023916952756865482,2026-03-12 14:46:02.261316,2026-03-12 14:46:40.692104,0 days 00:00:38.430788,32,0.2271197891035086,2,128,0.00011446886313576707,4,2,0.0004180116798561214,COMPLETE
115,0.0053626491821237975,2026-03-12 14:46:40.761782,2026-03-12 14:46:47.439154,0 days 00:00:06.677372,32,0.22675851851257078,2,128,7.003055233626554e-05,4,2,0.0004667801613983835,PRUNED
