number,value,datetime_start,datetime_complete,duration,params_batch_size,params_dropout,params_ffn_multiplier,params_hidden_dim,params_lr,params_num_heads,params_num_layers,params_weight_decay,state
116,0.0018368804594501853,2026-03-12 14:46:47.510343,2026-03-12 14:46:56.132393,0 days 00:00:08.622050,32,0.23860715945744462,2,128,0.00011285545355245359,4,2,0.00037152382408358204,PRUNED
117,0.0031449001773060964,2026-03-12 14:46:56.203126,2026-03-12 14:47:02.763376,0 days 00:00:06.560250,32,0.25059899458481344,2,128,8.619878769115336e-05,4,2,0.0002778941554898776,PRUNED
118,0.0010135719577582286,2026-03-12 14:47:02.834175,2026-03-12 14:47:09.210895,0 days 00:00:06.376720,32,0.2263548878667601,2,128,0.00013906277832736227,4,2,0.0005604428508743128,PRUNED
119,0.002377771882623035,2026-03-12 14:47:09.281661,2026-03-12 14:47:16.154856,0 days 00:00:06.873195,32,0.21889333915759873,2,128,7.375016170493761e-05,4,2,0.00011877632701141121,PRUNED
120,0.0046714028576388955,2026-03-12 14:47:16.228496,2026-03-12 14:47:18.019587,0 days 00:00:01.791091,256,0.2602159644578314,3,128,0.00011251548213115048,4,2,0.0002929036767049037,PRUNED
121,0.0003030155333232999,2026-03-12 14:47:18.093426,2026-03-12 14:47:42.368810,0 days 00:00:24.275384,32,0.20851823817316545,2,128,0.0001719359702562732,4,2,0.00014003655688651196,COMPLETE
122,0.0002523623666742684,2026-03-12 14:47:42.437883,2026-03-12 14:48:12.995725,0 days 00:00:30.557842,32,0.20531192128872783,2,128,0.00016493003233557205,4,2,0.00013844316442272056,COMPLETE
123,0.00027803898514581045,2026-03-12 14:48:13.068571,2026-03-12 14:48:44.968229,0 days 00:00:31.899658,32,0.20540207726141552,2,128,0.0001679576532518862,4,2,0.00015003096392726095,COMPLETE
124,0.0014737226608433826,2026-03-12 14:48:45.040202,2026-03-12 14:48:51.355157,0 days 00:00:06.314955,32,0.2007960036604345,2,128,0.0001963126486211098,4,2,0.00015649680526724888,PRUNED
125,0.0015066533222644857,2026-03-12 14:48:51.427287,2026-03-12 14:48:58.603182,0 days 00:00:07.175895,32,0.21661850371808747,2,128,0.0001264553590391532,4,2,0.00021677628170067468,PRUNED
126,0.0010982658474988835,2026-03-12 14:48:58.680073,2026-03-12 14:49:05.521432,0 days 00:00:06.841359,32,0.22968775807569553,2,128,0.00016363498526731143,4,2,0.00042499996761390877,PRUNED
127,0.0011904879964796627,2026-03-12 14:49:05.594456,2026-03-12 14:49:11.813296,0 days 00:00:06.218840,32,0.20482005101660342,2,128,0.00013974763241331265,4,2,0.00011068341385031174,PRUNED
128,0.06633634446188807,2026-03-12 14:49:11.884771,2026-03-12 14:49:13.634693,0 days 00:00:01.749922,128,0.2215864927572703,2,128,9.410681996015588e-05,4,2,0.00033456043851448776,PRUNED
129,0.0012282156780461914,2026-03-12 14:49:13.707511,2026-03-12 14:49:20.090616,0 days 00:00:06.383105,32,0.23929999818580144,2,128,0.00022456754275359354,4,2,0.0002326895382212426,PRUNED
130,0.000251174985481027,2026-03-12 14:49:20.170092,2026-03-12 14:49:45.770182,0 days 00:00:25.600090,32,0.20876848018580965,2,128,0.0001913489894187862,4,2,9.872774825701667e-05,COMPLETE
131,0.001007231168581971,2026-03-12 14:49:45.842504,2026-03-12 14:49:59.783222,0 days 00:00:13.940718,32,0.2126644561070532,2,128,0.00018305331550836997,4,2,0.000125360079821056,PRUNED
132,0.0014323317830400941,2026-03-12 14:49:59.855866,2026-03-12 14:50:06.752834,0 days 00:00:06.896968,32,0.2001079120208607,2,128,0.00016575402184161597,4,2,9.992418241305584e-05,PRUNED
133,0.00032832269269939777,2026-03-12 14:50:06.822822,2026-03-12 14:50:38.434570,0 days 00:00:31.611748,32,0.22943715808365867,2,128,0.0002035884239413951,4,2,9.114510033473692e-05,COMPLETE
134,0.0014558283910446335,2026-03-12 14:50:38.504139,2026-03-12 14:50:45.456452,0 days 00:00:06.952313,32,0.21573786180305476,2,128,0.00011075503622376735,4,2,0.0001763396391443652,PRUNED
135,0.0011894002111928006,2026-03-12 14:50:45.529231,2026-03-12 14:50:51.951421,0 days 00:00:06.422190,32,0.21142982555259285,2,128,0.0001487680594771494,4,2,0.00025801478241457246,PRUNED
136,0.0017771819506638817,2026-03-12 14:50:52.024347,2026-03-12 14:50:59.644359,0 days 00:00:07.620012,32,0.22276573810445016,2,128,0.0001283449706901746,4,2,0.0001453634712621829,PRUNED
137,0.0002546683073368123,2026-03-12 14:50:59.717430,2026-03-12 14:51:31.117408,0 days 00:00:31.399978,32,0.24323178486170885,2,128,0.00026130788129999827,4,2,0.0003020934509365264,COMPLETE
138,0.003787771337166695,2026-03-12 14:51:31.218233,2026-03-12 14:51:39.283037,0 days 00:00:08.064804,32,0.2389729691178182,2,128,0.0002639995158292901,4,2,0.00046864530300366275,PRUNED
139,0.001185923551799663,2026-03-12 14:51:39.351095,2026-03-12 14:51:47.236908,0 days 00:00:07.885813,32,0.246228365799839,2,128,0.00023748064907080246,4,2,0.0008166914709815731,PRUNED
140,0.0002581756263160579,2026-03-12 14:51:47.308175,2026-03-12 14:52:22.498090,0 days 00:00:35.189915,32,0.20820059481693712,2,128,0.0002225895531842184,4,2,0.0002990934622981034,COMPLETE
141,0.00019548851014405955,2026-03-12 14:52:22.569555,2026-03-12 14:52:51.243452,0 days 00:00:28.673897,32,0.20742863780082638,2,128,0.000214215204983697,4,2,0.0003397134314323268,COMPLETE
142,0.00022807150214378322,2026-03-12 14:52:51.313452,2026-03-12 14:53:17.693549,0 days 00:00:26.380097,32,0.20699048418688518,2,128,0.0002180693008122416,4,2,0.0003463656643539152,COMPLETE
143,0.0021162126504350454,2026-03-12 14:53:17.760841,2026-03-12 14:53:24.638473,0 days 00:00:06.877632,32,0.20755948435118907,2,128,0.00020291848616550093,4,2,0.00036855274957759944,PRUNED
144,0.0010154887313547079,2026-03-12 14:53:24.711196,2026-03-12 14:53:31.367144,0 days 00:00:06.655948,32,0.20071112337621594,2,128,0.00022444732318160484,4,2,0.0005677181513001037,PRUNED
145,0.002186326584446111,2026-03-12 14:53:31.441126,2026-03-12 14:53:38.277706,0 days 00:00:06.836580,32,0.20731807582158263,2,128,0.0002881446998703597,4,2,0.00032676753339213086,PRUNED
146,0.0019312067046744882,2026-03-12 14:53:38.348510,2026-03-12 14:53:45.101221,0 days 00:00:06.752711,32,0.2164507602970442,2,128,0.00015955579199871368,4,2,0.00027524899695721716,PRUNED
147,0.002296313656967998,2026-03-12 14:53:45.172221,2026-03-12 14:53:51.844966,0 days 00:00:06.672745,32,0.2106684354151799,2,128,0.00018643663372632917,4,2,0.00042084452546521016,PRUNED
148,0.0025775828980840743,2026-03-12 14:53:51.914751,2026-03-12 14:53:53.581098,0 days 00:00:01.666347,256,0.21867452928066985,2,128,0.00013952181125423106,4,2,0.0002209876019770532,PRUNED
149,0.0013887869946691872,2026-03-12 14:53:53.651005,2026-03-12 14:54:00.280984,0 days 00:00:06.629979,32,0.23129330709712695,2,128,0.0002098217706556511,4,2,0.0006171368712788134,PRUNED
